<?xml version="1.0" encoding="UTF-8"?>
<testng-results ignored="0" total="1" passed="0" failed="0" skipped="1">
  <reporter-output>
  </reporter-output>
  <suite started-at="2026-07-05T15:54:44 IST" name="CrossBrowserSuite" finished-at="2026-07-05T15:54:47 IST" duration-ms="2333">
    <groups>
    </groups>
    <test started-at="2026-07-05T15:54:44 IST" name="Firefox Test" finished-at="2026-07-05T15:54:47 IST" duration-ms="2333">
      <class name="tests.LoginTest">
        <test-method is-config="true" signature="setUp(java.lang.String)[pri:0, instance:tests.LoginTest@49b2a47d]" started-at="2026-07-05T15:54:45 IST" name="setUp" finished-at="2026-07-05T15:54:47 IST" duration-ms="1999" status="FAIL">
          <params>
            <param index="0">
              <value>
                <![CDATA[firefox]]>
              </value>
            </param>
          </params>
          <exception class="org.openqa.selenium.SessionNotCreatedException">
            <message>
              <![CDATA[Could not start a new session. Response code 500. Message: Expected browser binary location, but unable to find binary in default location, no 'moz:firefoxOptions.binary' capability provided, and no binary flag set on the command line 
Host info: host: 'BUJJI', ip: '192.168.0.112'
Build info: version: '4.34.0', revision: '707dcb4246*'
System info: os.name: 'Windows 11', os.arch: 'amd64', os.version: '10.0', java.version: '17.0.12'
Driver info: org.openqa.selenium.firefox.FirefoxDriver
Command: [null, newSession {capabilities=[Capabilities {acceptInsecureCerts: true, browserName: firefox, moz:firefoxOptions: {prefs: {remote.active-protocols: 1}}}]}]]]>
            </message>
            <full-stacktrace>
              <![CDATA[org.openqa.selenium.SessionNotCreatedException: Could not start a new session. Response code 500. Message: Expected browser binary location, but unable to find binary in default location, no 'moz:firefoxOptions.binary' capability provided, and no binary flag set on the command line 
Host info: host: 'BUJJI', ip: '192.168.0.112'
Build info: version: '4.34.0', revision: '707dcb4246*'
System info: os.name: 'Windows 11', os.arch: 'amd64', os.version: '10.0', java.version: '17.0.12'
Driver info: org.openqa.selenium.firefox.FirefoxDriver
Command: [null, newSession {capabilities=[Capabilities {acceptInsecureCerts: true, browserName: firefox, moz:firefoxOptions: {prefs: {remote.active-protocols: 1}}}]}]
at org.openqa.selenium.remote.ProtocolHandshake.createSession(ProtocolHandshake.java:114)
at org.openqa.selenium.remote.ProtocolHandshake.createSession(ProtocolHandshake.java:75)
at org.openqa.selenium.remote.ProtocolHandshake.createSession(ProtocolHandshake.java:61)
at org.openqa.selenium.remote.HttpCommandExecutor.execute(HttpCommandExecutor.java:187)
at org.openqa.selenium.remote.service.DriverCommandExecutor.invokeExecute(DriverCommandExecutor.java:216)
at org.openqa.selenium.remote.service.DriverCommandExecutor.execute(DriverCommandExecutor.java:174)
at org.openqa.selenium.remote.RemoteWebDriver.execute(RemoteWebDriver.java:544)
at org.openqa.selenium.remote.RemoteWebDriver.startSession(RemoteWebDriver.java:244)
at org.openqa.selenium.remote.RemoteWebDriver.<init>(RemoteWebDriver.java:173)
at org.openqa.selenium.firefox.FirefoxDriver.<init>(FirefoxDriver.java:142)
at org.openqa.selenium.firefox.FirefoxDriver.<init>(FirefoxDriver.java:137)
at org.openqa.selenium.firefox.FirefoxDriver.<init>(FirefoxDriver.java:119)
at org.openqa.selenium.firefox.FirefoxDriver.<init>(FirefoxDriver.java:114)
at org.openqa.selenium.firefox.FirefoxDriver.<init>(FirefoxDriver.java:99)
at org.openqa.selenium.firefox.FirefoxDriver.<init>(FirefoxDriver.java:89)
at driver.DriverFactory.initDriver(DriverFactory.java:34)
at base.BaseTest.setUp(BaseTest.java:39)
at java.base/jdk.internal.reflect.NativeMethodAccessorImpl.invoke0(Native Method)
at java.base/jdk.internal.reflect.NativeMethodAccessorImpl.invoke(NativeMethodAccessorImpl.java:77)
at java.base/jdk.internal.reflect.DelegatingMethodAccessorImpl.invoke(DelegatingMethodAccessorImpl.java:43)
at java.base/java.lang.reflect.Method.invoke(Method.java:568)
at org.testng.internal.invokers.MethodInvocationHelper.invokeMethod(MethodInvocationHelper.java:141)
at org.testng.internal.invokers.MethodInvocationHelper.invokeMethodConsideringTimeout(MethodInvocationHelper.java:71)
at org.testng.internal.invokers.ConfigInvoker.invokeConfigurationMethod(ConfigInvoker.java:400)
at org.testng.internal.invokers.ConfigInvoker.invokeConfigurations(ConfigInvoker.java:333)
at org.testng.internal.invokers.TestInvoker.runConfigMethods(TestInvoker.java:836)
at org.testng.internal.invokers.TestInvoker.invokeMethod(TestInvoker.java:601)
at org.testng.internal.invokers.TestInvoker.invokeTestMethod(TestInvoker.java:230)
at org.testng.internal.invokers.MethodRunner.runInSequence(MethodRunner.java:63)
at org.testng.internal.invokers.TestInvoker$MethodInvocationAgent.invoke(TestInvoker.java:995)
at org.testng.internal.invokers.TestInvoker.invokeTestMethods(TestInvoker.java:203)
at org.testng.internal.invokers.TestMethodWorker.invokeTestMethods(TestMethodWorker.java:154)
at org.testng.internal.invokers.TestMethodWorker.run(TestMethodWorker.java:134)
at java.base/java.util.ArrayList.forEach(ArrayList.java:1511)
at org.testng.TestRunner.privateRun(TestRunner.java:741)
at org.testng.TestRunner.run(TestRunner.java:616)
at org.testng.SuiteRunner.runTest(SuiteRunner.java:421)
at org.testng.SuiteRunner$SuiteWorker.run(SuiteRunner.java:463)
at org.testng.internal.thread.ThreadUtil.lambda$execute$0(ThreadUtil.java:64)
at java.base/java.util.concurrent.FutureTask.run(FutureTask.java:264)
at java.base/java.util.concurrent.ThreadPoolExecutor.runWorker(ThreadPoolExecutor.java:1136)
at java.base/java.util.concurrent.ThreadPoolExecutor$Worker.run(ThreadPoolExecutor.java:635)
at java.base/java.lang.Thread.run(Thread.java:842)
]]>
            </full-stacktrace>
          </exception> <!-- org.openqa.selenium.SessionNotCreatedException -->
          <reporter-output>
          </reporter-output>
        </test-method> <!-- setUp -->
        <test-method signature="verifyValidLogin()[pri:0, instance:tests.LoginTest@49b2a47d]" started-at="2026-07-05T15:54:47 IST" name="verifyValidLogin" finished-at="2026-07-05T15:54:47 IST" duration-ms="0" status="SKIP">
          <exception class="org.openqa.selenium.SessionNotCreatedException">
            <message>
              <![CDATA[Could not start a new session. Response code 500. Message: Expected browser binary location, but unable to find binary in default location, no 'moz:firefoxOptions.binary' capability provided, and no binary flag set on the command line 
Host info: host: 'BUJJI', ip: '192.168.0.112'
Build info: version: '4.34.0', revision: '707dcb4246*'
System info: os.name: 'Windows 11', os.arch: 'amd64', os.version: '10.0', java.version: '17.0.12'
Driver info: org.openqa.selenium.firefox.FirefoxDriver
Command: [null, newSession {capabilities=[Capabilities {acceptInsecureCerts: true, browserName: firefox, moz:firefoxOptions: {prefs: {remote.active-protocols: 1}}}]}]]]>
            </message>
            <full-stacktrace>
              <![CDATA[org.openqa.selenium.SessionNotCreatedException: Could not start a new session. Response code 500. Message: Expected browser binary location, but unable to find binary in default location, no 'moz:firefoxOptions.binary' capability provided, and no binary flag set on the command line 
Host info: host: 'BUJJI', ip: '192.168.0.112'
Build info: version: '4.34.0', revision: '707dcb4246*'
System info: os.name: 'Windows 11', os.arch: 'amd64', os.version: '10.0', java.version: '17.0.12'
Driver info: org.openqa.selenium.firefox.FirefoxDriver
Command: [null, newSession {capabilities=[Capabilities {acceptInsecureCerts: true, browserName: firefox, moz:firefoxOptions: {prefs: {remote.active-protocols: 1}}}]}]
at org.openqa.selenium.remote.ProtocolHandshake.createSession(ProtocolHandshake.java:114)
at org.openqa.selenium.remote.ProtocolHandshake.createSession(ProtocolHandshake.java:75)
at org.openqa.selenium.remote.ProtocolHandshake.createSession(ProtocolHandshake.java:61)
at org.openqa.selenium.remote.HttpCommandExecutor.execute(HttpCommandExecutor.java:187)
at org.openqa.selenium.remote.service.DriverCommandExecutor.invokeExecute(DriverCommandExecutor.java:216)
at org.openqa.selenium.remote.service.DriverCommandExecutor.execute(DriverCommandExecutor.java:174)
at org.openqa.selenium.remote.RemoteWebDriver.execute(RemoteWebDriver.java:544)
at org.openqa.selenium.remote.RemoteWebDriver.startSession(RemoteWebDriver.java:244)
at org.openqa.selenium.remote.RemoteWebDriver.<init>(RemoteWebDriver.java:173)
at org.openqa.selenium.firefox.FirefoxDriver.<init>(FirefoxDriver.java:142)
at org.openqa.selenium.firefox.FirefoxDriver.<init>(FirefoxDriver.java:137)
at org.openqa.selenium.firefox.FirefoxDriver.<init>(FirefoxDriver.java:119)
at org.openqa.selenium.firefox.FirefoxDriver.<init>(FirefoxDriver.java:114)
at org.openqa.selenium.firefox.FirefoxDriver.<init>(FirefoxDriver.java:99)
at org.openqa.selenium.firefox.FirefoxDriver.<init>(FirefoxDriver.java:89)
at driver.DriverFactory.initDriver(DriverFactory.java:34)
at base.BaseTest.setUp(BaseTest.java:39)
at java.base/jdk.internal.reflect.NativeMethodAccessorImpl.invoke0(Native Method)
at java.base/jdk.internal.reflect.NativeMethodAccessorImpl.invoke(NativeMethodAccessorImpl.java:77)
at java.base/jdk.internal.reflect.DelegatingMethodAccessorImpl.invoke(DelegatingMethodAccessorImpl.java:43)
at java.base/java.lang.reflect.Method.invoke(Method.java:568)
at org.testng.internal.invokers.MethodInvocationHelper.invokeMethod(MethodInvocationHelper.java:141)
at org.testng.internal.invokers.MethodInvocationHelper.invokeMethodConsideringTimeout(MethodInvocationHelper.java:71)
at org.testng.internal.invokers.ConfigInvoker.invokeConfigurationMethod(ConfigInvoker.java:400)
at org.testng.internal.invokers.ConfigInvoker.invokeConfigurations(ConfigInvoker.java:333)
at org.testng.internal.invokers.TestInvoker.runConfigMethods(TestInvoker.java:836)
at org.testng.internal.invokers.TestInvoker.invokeMethod(TestInvoker.java:601)
at org.testng.internal.invokers.TestInvoker.invokeTestMethod(TestInvoker.java:230)
at org.testng.internal.invokers.MethodRunner.runInSequence(MethodRunner.java:63)
at org.testng.internal.invokers.TestInvoker$MethodInvocationAgent.invoke(TestInvoker.java:995)
at org.testng.internal.invokers.TestInvoker.invokeTestMethods(TestInvoker.java:203)
at org.testng.internal.invokers.TestMethodWorker.invokeTestMethods(TestMethodWorker.java:154)
at org.testng.internal.invokers.TestMethodWorker.run(TestMethodWorker.java:134)
at java.base/java.util.ArrayList.forEach(ArrayList.java:1511)
at org.testng.TestRunner.privateRun(TestRunner.java:741)
at org.testng.TestRunner.run(TestRunner.java:616)
at org.testng.SuiteRunner.runTest(SuiteRunner.java:421)
at org.testng.SuiteRunner$SuiteWorker.run(SuiteRunner.java:463)
at org.testng.internal.thread.ThreadUtil.lambda$execute$0(ThreadUtil.java:64)
at java.base/java.util.concurrent.FutureTask.run(FutureTask.java:264)
at java.base/java.util.concurrent.ThreadPoolExecutor.runWorker(ThreadPoolExecutor.java:1136)
at java.base/java.util.concurrent.ThreadPoolExecutor$Worker.run(ThreadPoolExecutor.java:635)
at java.base/java.lang.Thread.run(Thread.java:842)
]]>
            </full-stacktrace>
          </exception> <!-- org.openqa.selenium.SessionNotCreatedException -->
          <reporter-output>
          </reporter-output>
        </test-method> <!-- verifyValidLogin -->
      </class> <!-- tests.LoginTest -->
    </test> <!-- Firefox Test -->
  </suite> <!-- CrossBrowserSuite -->
</testng-results>
